<?xml version="1.0" encoding="UTF-8"?>
<coverage generated="1646917060474" clover="3.2.0">
  <project timestamp="1646917060475" name="All files">
    <metrics statements="58" coveredstatements="24" conditionals="12" coveredconditionals="2" methods="20" coveredmethods="11" elements="90" coveredelements="37" complexity="0" loc="58" ncloc="58" packages="1" files="1" classes="1"/>
    <file name="models.js" path="C:\Users\Isabel\Documents\FUTUREPROOF\LAP-1 PROJECT\server\model\models.js">
      <metrics statements="58" coveredstatements="24" conditionals="12" coveredconditionals="2" methods="20" coveredmethods="11"/>
      <line num="2" count="1" type="stmt"/>
      <line num="7" count="43" type="stmt"/>
      <line num="8" count="43" type="stmt"/>
      <line num="9" count="43" type="stmt"/>
      <line num="10" count="43" type="stmt"/>
      <line num="11" count="43" type="stmt"/>
      <line num="12" count="43" type="stmt"/>
      <line num="13" count="43" type="stmt"/>
      <line num="18" count="6" type="stmt"/>
      <line num="19" count="42" type="stmt"/>
      <line num="20" count="6" type="stmt"/>
      <line num="25" count="2" type="stmt"/>
      <line num="26" count="11" type="stmt"/>
      <line num="27" count="2" type="stmt"/>
      <line num="32" count="2" type="stmt"/>
      <line num="33" count="1" type="stmt"/>
      <line num="38" count="0" type="stmt"/>
      <line num="39" count="0" type="stmt"/>
      <line num="40" count="0" type="stmt"/>
      <line num="41" count="0" type="stmt"/>
      <line num="42" count="0" type="stmt"/>
      <line num="43" count="0" type="stmt"/>
      <line num="48" count="1" type="stmt"/>
      <line num="49" count="1" type="stmt"/>
      <line num="50" count="7" type="stmt"/>
      <line num="51" count="18" type="cond" truecount="2" falsecount="0"/>
      <line num="52" count="1" type="stmt"/>
      <line num="60" count="1" type="stmt"/>
      <line num="61" count="7" type="stmt"/>
      <line num="66" count="0" type="stmt"/>
      <line num="67" count="0" type="stmt"/>
      <line num="68" count="0" type="cond" truecount="0" falsecount="2"/>
      <line num="69" count="0" type="stmt"/>
      <line num="70" count="0" type="stmt"/>
      <line num="77" count="0" type="stmt"/>
      <line num="79" count="0" type="stmt"/>
      <line num="80" count="0" type="stmt"/>
      <line num="87" count="0" type="stmt"/>
      <line num="88" count="0" type="stmt"/>
      <line num="89" count="0" type="cond" truecount="0" falsecount="2"/>
      <line num="91" count="0" type="cond" truecount="0" falsecount="2"/>
      <line num="92" count="0" type="stmt"/>
      <line num="93" count="0" type="stmt"/>
      <line num="95" count="0" type="stmt"/>
      <line num="96" count="0" type="stmt"/>
      <line num="100" count="0" type="stmt"/>
      <line num="102" count="0" type="stmt"/>
      <line num="103" count="0" type="stmt"/>
      <line num="107" count="0" type="stmt"/>
      <line num="108" count="0" type="stmt"/>
      <line num="109" count="0" type="cond" truecount="0" falsecount="2"/>
      <line num="110" count="0" type="stmt"/>
      <line num="113" count="0" type="stmt"/>
      <line num="118" count="0" type="stmt"/>
      <line num="119" count="0" type="cond" truecount="0" falsecount="2"/>
      <line num="120" count="0" type="stmt"/>
      <line num="122" count="0" type="stmt"/>
      <line num="129" count="1" type="stmt"/>
    </file>
  </project>
</coverage>
