{"C:\\Users\\Isabel\\Documents\\FUTUREPROOF\\LAP-1 PROJECT\\server\\model\\models.js": {"path":"C:\\Users\\Isabel\\Documents\\FUTUREPROOF\\LAP-1 PROJECT\\server\\model\\models.js","statementMap":{"0":{"start":{"line":1,"column":24},"end":{"line":1,"column":52}},"1":{"start":{"line":2,"column":11},"end":{"line":2,"column":24}},"2":{"start":{"line":7,"column":6},"end":{"line":7,"column":23}},"3":{"start":{"line":8,"column":6},"end":{"line":8,"column":29}},"4":{"start":{"line":9,"column":6},"end":{"line":9,"column":33}},"5":{"start":{"line":10,"column":6},"end":{"line":10,"column":35}},"6":{"start":{"line":11,"column":6},"end":{"line":11,"column":36}},"7":{"start":{"line":12,"column":6},"end":{"line":12,"column":25}},"8":{"start":{"line":13,"column":6},"end":{"line":13,"column":37}},"9":{"start":{"line":18,"column":26},"end":{"line":18,"column":87}},"10":{"start":{"line":18,"column":60},"end":{"line":18,"column":86}},"11":{"start":{"line":19,"column":6},"end":{"line":19,"column":25}},"12":{"start":{"line":24,"column":26},"end":{"line":24,"column":40}},"13":{"start":{"line":25,"column":21},"end":{"line":25,"column":75}},"14":{"start":{"line":25,"column":52},"end":{"line":25,"column":74}},"15":{"start":{"line":26,"column":6},"end":{"line":26,"column":20}},"16":{"start":{"line":31,"column":22},"end":{"line":31,"column":82}},"17":{"start":{"line":31,"column":61},"end":{"line":31,"column":81}},"18":{"start":{"line":32,"column":6},"end":{"line":32,"column":21}},"19":{"start":{"line":37,"column":26},"end":{"line":37,"column":40}},"20":{"start":{"line":38,"column":17},"end":{"line":38,"column":43}},"21":{"start":{"line":39,"column":28},"end":{"line":39,"column":62}},"22":{"start":{"line":40,"column":6},"end":{"line":40,"column":38}},"23":{"start":{"line":41,"column":6},"end":{"line":41,"column":38}},"24":{"start":{"line":46,"column":26},"end":{"line":46,"column":40}},"25":{"start":{"line":47,"column":6},"end":{"line":53,"column":8}},"26":{"start":{"line":48,"column":9},"end":{"line":52,"column":10}},"27":{"start":{"line":49,"column":12},"end":{"line":51,"column":13}},"28":{"start":{"line":50,"column":15},"end":{"line":50,"column":32}},"29":{"start":{"line":58,"column":26},"end":{"line":58,"column":40}},"30":{"start":{"line":59,"column":6},"end":{"line":59,"column":84}},"31":{"start":{"line":59,"column":47},"end":{"line":59,"column":82}},"32":{"start":{"line":64,"column":26},"end":{"line":64,"column":40}},"33":{"start":{"line":65,"column":23},"end":{"line":76,"column":8}},"34":{"start":{"line":66,"column":9},"end":{"line":74,"column":10}},"35":{"start":{"line":67,"column":30},"end":{"line":67,"column":63}},"36":{"start":{"line":68,"column":12},"end":{"line":73,"column":15}},"37":{"start":{"line":75,"column":9},"end":{"line":75,"column":26}},"38":{"start":{"line":77,"column":6},"end":{"line":77,"column":35}},"39":{"start":{"line":84,"column":26},"end":{"line":84,"column":40}},"40":{"start":{"line":85,"column":23},"end":{"line":98,"column":8}},"41":{"start":{"line":86,"column":9},"end":{"line":96,"column":10}},"42":{"start":{"line":88,"column":12},"end":{"line":94,"column":13}},"43":{"start":{"line":89,"column":15},"end":{"line":89,"column":57}},"44":{"start":{"line":90,"column":15},"end":{"line":90,"column":87}},"45":{"start":{"line":92,"column":31},"end":{"line":92,"column":84}},"46":{"start":{"line":93,"column":15},"end":{"line":93,"column":53}},"47":{"start":{"line":97,"column":9},"end":{"line":97,"column":26}},"48":{"start":{"line":99,"column":6},"end":{"line":99,"column":35}},"49":{"start":{"line":105,"column":6},"end":{"line":110,"column":9}},"50":{"start":{"line":106,"column":9},"end":{"line":108,"column":10}},"51":{"start":{"line":107,"column":12},"end":{"line":107,"column":36}},"52":{"start":{"line":109,"column":9},"end":{"line":109,"column":44}},"53":{"start":{"line":116,"column":0},"end":{"line":116,"column":28}}},"fnMap":{"0":{"name":"(anonymous_0)","decl":{"start":{"line":6,"column":3},"end":{"line":6,"column":4}},"loc":{"start":{"line":6,"column":20},"end":{"line":14,"column":4}},"line":6},"1":{"name":"(anonymous_1)","decl":{"start":{"line":16,"column":3},"end":{"line":16,"column":4}},"loc":{"start":{"line":16,"column":20},"end":{"line":20,"column":4}},"line":16},"2":{"name":"(anonymous_2)","decl":{"start":{"line":18,"column":46},"end":{"line":18,"column":47}},"loc":{"start":{"line":18,"column":60},"end":{"line":18,"column":86}},"line":18},"3":{"name":"(anonymous_3)","decl":{"start":{"line":22,"column":3},"end":{"line":22,"column":4}},"loc":{"start":{"line":22,"column":32},"end":{"line":27,"column":4}},"line":22},"4":{"name":"(anonymous_4)","decl":{"start":{"line":25,"column":38},"end":{"line":25,"column":39}},"loc":{"start":{"line":25,"column":52},"end":{"line":25,"column":74}},"line":25},"5":{"name":"(anonymous_5)","decl":{"start":{"line":29,"column":3},"end":{"line":29,"column":4}},"loc":{"start":{"line":29,"column":41},"end":{"line":33,"column":4}},"line":29},"6":{"name":"(anonymous_6)","decl":{"start":{"line":31,"column":50},"end":{"line":31,"column":51}},"loc":{"start":{"line":31,"column":61},"end":{"line":31,"column":81}},"line":31},"7":{"name":"(anonymous_7)","decl":{"start":{"line":35,"column":3},"end":{"line":35,"column":4}},"loc":{"start":{"line":35,"column":30},"end":{"line":42,"column":4}},"line":35},"8":{"name":"(anonymous_8)","decl":{"start":{"line":44,"column":3},"end":{"line":44,"column":4}},"loc":{"start":{"line":44,"column":34},"end":{"line":54,"column":4}},"line":44},"9":{"name":"(anonymous_9)","decl":{"start":{"line":47,"column":33},"end":{"line":47,"column":34}},"loc":{"start":{"line":47,"column":47},"end":{"line":53,"column":7}},"line":47},"10":{"name":"(anonymous_10)","decl":{"start":{"line":56,"column":3},"end":{"line":56,"column":4}},"loc":{"start":{"line":56,"column":35},"end":{"line":60,"column":4}},"line":56},"11":{"name":"(anonymous_11)","decl":{"start":{"line":59,"column":33},"end":{"line":59,"column":34}},"loc":{"start":{"line":59,"column":47},"end":{"line":59,"column":82}},"line":59},"12":{"name":"(anonymous_12)","decl":{"start":{"line":62,"column":3},"end":{"line":62,"column":4}},"loc":{"start":{"line":62,"column":30},"end":{"line":78,"column":4}},"line":62},"13":{"name":"(anonymous_13)","decl":{"start":{"line":65,"column":40},"end":{"line":65,"column":41}},"loc":{"start":{"line":65,"column":54},"end":{"line":76,"column":7}},"line":65},"14":{"name":"(anonymous_14)","decl":{"start":{"line":80,"column":3},"end":{"line":80,"column":4}},"loc":{"start":{"line":80,"column":28},"end":{"line":101,"column":4}},"line":80},"15":{"name":"(anonymous_15)","decl":{"start":{"line":85,"column":40},"end":{"line":85,"column":41}},"loc":{"start":{"line":85,"column":54},"end":{"line":98,"column":7}},"line":85},"16":{"name":"(anonymous_16)","decl":{"start":{"line":103,"column":3},"end":{"line":103,"column":4}},"loc":{"start":{"line":103,"column":25},"end":{"line":111,"column":4}},"line":103},"17":{"name":"(anonymous_17)","decl":{"start":{"line":105,"column":61},"end":{"line":105,"column":62}},"loc":{"start":{"line":105,"column":75},"end":{"line":110,"column":7}},"line":105}},"branchMap":{"0":{"loc":{"start":{"line":49,"column":12},"end":{"line":51,"column":13}},"type":"if","locations":[{"start":{"line":49,"column":12},"end":{"line":51,"column":13}},{"start":{},"end":{}}],"line":49},"1":{"loc":{"start":{"line":66,"column":9},"end":{"line":74,"column":10}},"type":"if","locations":[{"start":{"line":66,"column":9},"end":{"line":74,"column":10}},{"start":{},"end":{}}],"line":66},"2":{"loc":{"start":{"line":86,"column":9},"end":{"line":96,"column":10}},"type":"if","locations":[{"start":{"line":86,"column":9},"end":{"line":96,"column":10}},{"start":{},"end":{}}],"line":86},"3":{"loc":{"start":{"line":88,"column":12},"end":{"line":94,"column":13}},"type":"if","locations":[{"start":{"line":88,"column":12},"end":{"line":94,"column":13}},{"start":{"line":91,"column":19},"end":{"line":94,"column":13}}],"line":88},"4":{"loc":{"start":{"line":106,"column":9},"end":{"line":108,"column":10}},"type":"if","locations":[{"start":{"line":106,"column":9},"end":{"line":108,"column":10}},{"start":{},"end":{}}],"line":106}},"s":{"0":1,"1":1,"2":31,"3":31,"4":31,"5":31,"6":31,"7":31,"8":31,"9":5,"10":30,"11":5,"12":2,"13":2,"14":4,"15":2,"16":1,"17":2,"18":1,"19":0,"20":0,"21":0,"22":0,"23":0,"24":1,"25":1,"26":6,"27":13,"28":1,"29":1,"30":1,"31":6,"32":0,"33":0,"34":0,"35":0,"36":0,"37":0,"38":0,"39":0,"40":0,"41":0,"42":0,"43":0,"44":0,"45":0,"46":0,"47":0,"48":0,"49":0,"50":0,"51":0,"52":0,"53":1},"f":{"0":31,"1":5,"2":30,"3":2,"4":4,"5":1,"6":2,"7":0,"8":1,"9":6,"10":1,"11":6,"12":0,"13":0,"14":0,"15":0,"16":0,"17":0},"b":{"0":[1,12],"1":[0,0],"2":[0,0],"3":[0,0],"4":[0,0]},"_coverageSchema":"1a1c01bbd47fc00a2c39e90264f33305004495a9","hash":"4259298753612bc21cb1d6bf35d8329c0916b447"}
}
