{"C:\\Users\\Isabel\\Documents\\FUTUREPROOF\\LAP-1 PROJECT\\server\\model\\models.js": {"path":"C:\\Users\\Isabel\\Documents\\FUTUREPROOF\\LAP-1 PROJECT\\server\\model\\models.js","statementMap":{"0":{"start":{"line":2,"column":11},"end":{"line":2,"column":24}},"1":{"start":{"line":7,"column":6},"end":{"line":7,"column":23}},"2":{"start":{"line":8,"column":6},"end":{"line":8,"column":29}},"3":{"start":{"line":9,"column":6},"end":{"line":9,"column":33}},"4":{"start":{"line":10,"column":6},"end":{"line":10,"column":35}},"5":{"start":{"line":11,"column":6},"end":{"line":11,"column":36}},"6":{"start":{"line":12,"column":6},"end":{"line":12,"column":25}},"7":{"start":{"line":13,"column":6},"end":{"line":13,"column":37}},"8":{"start":{"line":18,"column":30},"end":{"line":18,"column":58}},"9":{"start":{"line":19,"column":26},"end":{"line":19,"column":87}},"10":{"start":{"line":19,"column":60},"end":{"line":19,"column":86}},"11":{"start":{"line":20,"column":6},"end":{"line":20,"column":25}},"12":{"start":{"line":25,"column":26},"end":{"line":25,"column":40}},"13":{"start":{"line":26,"column":21},"end":{"line":26,"column":75}},"14":{"start":{"line":26,"column":52},"end":{"line":26,"column":74}},"15":{"start":{"line":27,"column":6},"end":{"line":27,"column":20}},"16":{"start":{"line":32,"column":22},"end":{"line":32,"column":81}},"17":{"start":{"line":32,"column":61},"end":{"line":32,"column":80}},"18":{"start":{"line":33,"column":6},"end":{"line":33,"column":21}},"19":{"start":{"line":38,"column":26},"end":{"line":38,"column":40}},"20":{"start":{"line":39,"column":17},"end":{"line":39,"column":35}},"21":{"start":{"line":40,"column":28},"end":{"line":40,"column":62}},"22":{"start":{"line":41,"column":6},"end":{"line":41,"column":41}},"23":{"start":{"line":42,"column":6},"end":{"line":42,"column":38}},"24":{"start":{"line":43,"column":6},"end":{"line":43,"column":24}},"25":{"start":{"line":48,"column":26},"end":{"line":48,"column":40}},"26":{"start":{"line":49,"column":6},"end":{"line":55,"column":8}},"27":{"start":{"line":50,"column":9},"end":{"line":54,"column":10}},"28":{"start":{"line":51,"column":12},"end":{"line":53,"column":13}},"29":{"start":{"line":52,"column":15},"end":{"line":52,"column":32}},"30":{"start":{"line":60,"column":26},"end":{"line":60,"column":40}},"31":{"start":{"line":61,"column":6},"end":{"line":61,"column":84}},"32":{"start":{"line":61,"column":47},"end":{"line":61,"column":82}},"33":{"start":{"line":66,"column":26},"end":{"line":66,"column":40}},"34":{"start":{"line":67,"column":23},"end":{"line":78,"column":8}},"35":{"start":{"line":68,"column":9},"end":{"line":76,"column":10}},"36":{"start":{"line":69,"column":30},"end":{"line":69,"column":63}},"37":{"start":{"line":70,"column":12},"end":{"line":75,"column":15}},"38":{"start":{"line":77,"column":9},"end":{"line":77,"column":26}},"39":{"start":{"line":79,"column":6},"end":{"line":79,"column":35}},"40":{"start":{"line":80,"column":6},"end":{"line":80,"column":21}},"41":{"start":{"line":87,"column":26},"end":{"line":87,"column":40}},"42":{"start":{"line":88,"column":23},"end":{"line":101,"column":8}},"43":{"start":{"line":89,"column":9},"end":{"line":99,"column":10}},"44":{"start":{"line":91,"column":12},"end":{"line":97,"column":13}},"45":{"start":{"line":92,"column":15},"end":{"line":92,"column":57}},"46":{"start":{"line":93,"column":15},"end":{"line":93,"column":87}},"47":{"start":{"line":95,"column":31},"end":{"line":95,"column":84}},"48":{"start":{"line":96,"column":15},"end":{"line":96,"column":53}},"49":{"start":{"line":100,"column":9},"end":{"line":100,"column":26}},"50":{"start":{"line":102,"column":6},"end":{"line":102,"column":35}},"51":{"start":{"line":103,"column":6},"end":{"line":103,"column":21}},"52":{"start":{"line":107,"column":26},"end":{"line":107,"column":40}},"53":{"start":{"line":108,"column":23},"end":{"line":112,"column":8}},"54":{"start":{"line":109,"column":9},"end":{"line":111,"column":10}},"55":{"start":{"line":110,"column":12},"end":{"line":110,"column":29}},"56":{"start":{"line":113,"column":6},"end":{"line":113,"column":35}},"57":{"start":{"line":118,"column":6},"end":{"line":123,"column":9}},"58":{"start":{"line":119,"column":9},"end":{"line":121,"column":10}},"59":{"start":{"line":120,"column":12},"end":{"line":120,"column":36}},"60":{"start":{"line":122,"column":9},"end":{"line":122,"column":44}},"61":{"start":{"line":129,"column":0},"end":{"line":129,"column":28}}},"fnMap":{"0":{"name":"(anonymous_0)","decl":{"start":{"line":6,"column":3},"end":{"line":6,"column":4}},"loc":{"start":{"line":6,"column":20},"end":{"line":14,"column":4}},"line":6},"1":{"name":"(anonymous_1)","decl":{"start":{"line":16,"column":3},"end":{"line":16,"column":4}},"loc":{"start":{"line":16,"column":20},"end":{"line":21,"column":4}},"line":16},"2":{"name":"(anonymous_2)","decl":{"start":{"line":19,"column":46},"end":{"line":19,"column":47}},"loc":{"start":{"line":19,"column":60},"end":{"line":19,"column":86}},"line":19},"3":{"name":"(anonymous_3)","decl":{"start":{"line":23,"column":3},"end":{"line":23,"column":4}},"loc":{"start":{"line":23,"column":32},"end":{"line":28,"column":4}},"line":23},"4":{"name":"(anonymous_4)","decl":{"start":{"line":26,"column":38},"end":{"line":26,"column":39}},"loc":{"start":{"line":26,"column":52},"end":{"line":26,"column":74}},"line":26},"5":{"name":"(anonymous_5)","decl":{"start":{"line":30,"column":3},"end":{"line":30,"column":4}},"loc":{"start":{"line":30,"column":41},"end":{"line":34,"column":4}},"line":30},"6":{"name":"(anonymous_6)","decl":{"start":{"line":32,"column":50},"end":{"line":32,"column":51}},"loc":{"start":{"line":32,"column":61},"end":{"line":32,"column":80}},"line":32},"7":{"name":"(anonymous_7)","decl":{"start":{"line":36,"column":3},"end":{"line":36,"column":4}},"loc":{"start":{"line":36,"column":30},"end":{"line":44,"column":4}},"line":36},"8":{"name":"(anonymous_8)","decl":{"start":{"line":46,"column":3},"end":{"line":46,"column":4}},"loc":{"start":{"line":46,"column":34},"end":{"line":56,"column":4}},"line":46},"9":{"name":"(anonymous_9)","decl":{"start":{"line":49,"column":33},"end":{"line":49,"column":34}},"loc":{"start":{"line":49,"column":47},"end":{"line":55,"column":7}},"line":49},"10":{"name":"(anonymous_10)","decl":{"start":{"line":58,"column":3},"end":{"line":58,"column":4}},"loc":{"start":{"line":58,"column":35},"end":{"line":62,"column":4}},"line":58},"11":{"name":"(anonymous_11)","decl":{"start":{"line":61,"column":33},"end":{"line":61,"column":34}},"loc":{"start":{"line":61,"column":47},"end":{"line":61,"column":82}},"line":61},"12":{"name":"(anonymous_12)","decl":{"start":{"line":64,"column":3},"end":{"line":64,"column":4}},"loc":{"start":{"line":64,"column":30},"end":{"line":81,"column":4}},"line":64},"13":{"name":"(anonymous_13)","decl":{"start":{"line":67,"column":40},"end":{"line":67,"column":41}},"loc":{"start":{"line":67,"column":54},"end":{"line":78,"column":7}},"line":67},"14":{"name":"(anonymous_14)","decl":{"start":{"line":83,"column":3},"end":{"line":83,"column":4}},"loc":{"start":{"line":83,"column":28},"end":{"line":104,"column":4}},"line":83},"15":{"name":"(anonymous_15)","decl":{"start":{"line":88,"column":40},"end":{"line":88,"column":41}},"loc":{"start":{"line":88,"column":54},"end":{"line":101,"column":7}},"line":88},"16":{"name":"(anonymous_16)","decl":{"start":{"line":106,"column":3},"end":{"line":106,"column":4}},"loc":{"start":{"line":106,"column":31},"end":{"line":114,"column":4}},"line":106},"17":{"name":"(anonymous_17)","decl":{"start":{"line":108,"column":43},"end":{"line":108,"column":44}},"loc":{"start":{"line":108,"column":57},"end":{"line":112,"column":7}},"line":108},"18":{"name":"(anonymous_18)","decl":{"start":{"line":116,"column":3},"end":{"line":116,"column":4}},"loc":{"start":{"line":116,"column":25},"end":{"line":124,"column":4}},"line":116},"19":{"name":"(anonymous_19)","decl":{"start":{"line":118,"column":61},"end":{"line":118,"column":62}},"loc":{"start":{"line":118,"column":75},"end":{"line":123,"column":7}},"line":118}},"branchMap":{"0":{"loc":{"start":{"line":51,"column":12},"end":{"line":53,"column":13}},"type":"if","locations":[{"start":{"line":51,"column":12},"end":{"line":53,"column":13}},{"start":{},"end":{}}],"line":51},"1":{"loc":{"start":{"line":68,"column":9},"end":{"line":76,"column":10}},"type":"if","locations":[{"start":{"line":68,"column":9},"end":{"line":76,"column":10}},{"start":{},"end":{}}],"line":68},"2":{"loc":{"start":{"line":89,"column":9},"end":{"line":99,"column":10}},"type":"if","locations":[{"start":{"line":89,"column":9},"end":{"line":99,"column":10}},{"start":{},"end":{}}],"line":89},"3":{"loc":{"start":{"line":91,"column":12},"end":{"line":97,"column":13}},"type":"if","locations":[{"start":{"line":91,"column":12},"end":{"line":97,"column":13}},{"start":{"line":94,"column":19},"end":{"line":97,"column":13}}],"line":91},"4":{"loc":{"start":{"line":109,"column":9},"end":{"line":111,"column":10}},"type":"if","locations":[{"start":{"line":109,"column":9},"end":{"line":111,"column":10}},{"start":{},"end":{}}],"line":109},"5":{"loc":{"start":{"line":119,"column":9},"end":{"line":121,"column":10}},"type":"if","locations":[{"start":{"line":119,"column":9},"end":{"line":121,"column":10}},{"start":{},"end":{}}],"line":119}},"s":{"0":1,"1":43,"2":43,"3":43,"4":43,"5":43,"6":43,"7":43,"8":6,"9":6,"10":42,"11":6,"12":2,"13":2,"14":11,"15":2,"16":1,"17":2,"18":1,"19":0,"20":0,"21":0,"22":0,"23":0,"24":0,"25":1,"26":1,"27":7,"28":18,"29":1,"30":1,"31":1,"32":7,"33":0,"34":0,"35":0,"36":0,"37":0,"38":0,"39":0,"40":0,"41":0,"42":0,"43":0,"44":0,"45":0,"46":0,"47":0,"48":0,"49":0,"50":0,"51":0,"52":0,"53":0,"54":0,"55":0,"56":0,"57":0,"58":0,"59":0,"60":0,"61":1},"f":{"0":43,"1":6,"2":42,"3":2,"4":11,"5":1,"6":2,"7":0,"8":1,"9":7,"10":1,"11":7,"12":0,"13":0,"14":0,"15":0,"16":0,"17":0,"18":0,"19":0},"b":{"0":[1,17],"1":[0,0],"2":[0,0],"3":[0,0],"4":[0,0],"5":[0,0]},"_coverageSchema":"1a1c01bbd47fc00a2c39e90264f33305004495a9","hash":"326c6cec3460ec3f79db5ed4b5c8b3d88a2a2ad6"}
}
