TN:
SF:model\models.js
FN:6,(anonymous_0)
FN:16,(anonymous_1)
FN:19,(anonymous_2)
FN:23,(anonymous_3)
FN:26,(anonymous_4)
FN:30,(anonymous_5)
FN:32,(anonymous_6)
FN:36,(anonymous_7)
FN:46,(anonymous_8)
FN:49,(anonymous_9)
FN:58,(anonymous_10)
FN:61,(anonymous_11)
FN:64,(anonymous_12)
FN:67,(anonymous_13)
FN:83,(anonymous_14)
FN:88,(anonymous_15)
FN:106,(anonymous_16)
FN:108,(anonymous_17)
FN:116,(anonymous_18)
FN:118,(anonymous_19)
FNF:20
FNH:11
FNDA:43,(anonymous_0)
FNDA:6,(anonymous_1)
FNDA:42,(anonymous_2)
FNDA:2,(anonymous_3)
FNDA:11,(anonymous_4)
FNDA:1,(anonymous_5)
FNDA:2,(anonymous_6)
FNDA:0,(anonymous_7)
FNDA:1,(anonymous_8)
FNDA:7,(anonymous_9)
FNDA:1,(anonymous_10)
FNDA:7,(anonymous_11)
FNDA:0,(anonymous_12)
FNDA:0,(anonymous_13)
FNDA:0,(anonymous_14)
FNDA:0,(anonymous_15)
FNDA:0,(anonymous_16)
FNDA:0,(anonymous_17)
FNDA:0,(anonymous_18)
FNDA:0,(anonymous_19)
DA:2,1
DA:7,43
DA:8,43
DA:9,43
DA:10,43
DA:11,43
DA:12,43
DA:13,43
DA:18,6
DA:19,42
DA:20,6
DA:25,2
DA:26,11
DA:27,2
DA:32,2
DA:33,1
DA:38,0
DA:39,0
DA:40,0
DA:41,0
DA:42,0
DA:43,0
DA:48,1
DA:49,1
DA:50,7
DA:51,18
DA:52,1
DA:60,1
DA:61,7
DA:66,0
DA:67,0
DA:68,0
DA:69,0
DA:70,0
DA:77,0
DA:79,0
DA:80,0
DA:87,0
DA:88,0
DA:89,0
DA:91,0
DA:92,0
DA:93,0
DA:95,0
DA:96,0
DA:100,0
DA:102,0
DA:103,0
DA:107,0
DA:108,0
DA:109,0
DA:110,0
DA:113,0
DA:118,0
DA:119,0
DA:120,0
DA:122,0
DA:129,1
LF:58
LH:24
BRDA:51,0,0,1
BRDA:51,0,1,17
BRDA:68,1,0,0
BRDA:68,1,1,0
BRDA:89,2,0,0
BRDA:89,2,1,0
BRDA:91,3,0,0
BRDA:91,3,1,0
BRDA:109,4,0,0
BRDA:109,4,1,0
BRDA:119,5,0,0
BRDA:119,5,1,0
BRF:12
BRH:2
end_of_record
